Using pre-set license
Built from '2020.3/staging' branch; Version is '2020.3.6f1 (338bb68529b2) revision 3378102'; Using compiler version '192528614'; Build Type 'Release'
OS: 'Windows 10 Pro; OS build 18363.476; Version 1909; 64bit' Language: 'en' Physical Memory: 8129 MB
BatchMode: 1, IsHumanControllingUs: 0, StartBugReporterOnCrash: 0, Is64bit: 1, IsPro: 0

 COMMAND LINE ARGUMENTS:
C:\Program Files\Unity\Hub\Editor\2020.3.6f1\Editor\Unity.exe
-adb2
-batchMode
-noUpm
-name
AssetImportWorker2
-projectPath
F:/Desktop Shortcut/Unity Projects/Capture-The-UdarFlag/Capture The UdarFlag
-logFile
Logs/AssetImportWorker2.log
-srvPort
49817
Successfully changed project path to: F:/Desktop Shortcut/Unity Projects/Capture-The-UdarFlag/Capture The UdarFlag
F:/Desktop Shortcut/Unity Projects/Capture-The-UdarFlag/Capture The UdarFlag
Using Asset Import Pipeline V2.
Refreshing native plugins compatible for Editor in 85.70 ms, found 1 plugins.
Preloading 0 native plugins for Editor in 0.00 ms.
Initialize engine version: 2020.3.6f1 (338bb68529b2)
[Subsystems] Discovering subsystems at path C:/Program Files/Unity/Hub/Editor/2020.3.6f1/Editor/Data/Resources/UnitySubsystems
[Subsystems] Discovering subsystems at path F:/Desktop Shortcut/Unity Projects/Capture-The-UdarFlag/Capture The UdarFlag/Assets
GfxDevice: creating device client; threaded=0
Direct3D:
    Version:  Direct3D 11.0 [level 11.1]
    Renderer: AMD Radeon R7 200 Series (ID=0x6613)
    Vendor:   
    VRAM:     2028 MB
    Driver:   26.20.12028.2
Shader 'Universal Render Pipeline/Particles/Lit': fallback shader 'Universal Render Pipeline/Particles/SimpleLit' not found
Initialize mono
Mono path[0] = 'C:/Program Files/Unity/Hub/Editor/2020.3.6f1/Editor/Data/Managed'
Mono path[1] = 'C:/Program Files/Unity/Hub/Editor/2020.3.6f1/Editor/Data/MonoBleedingEdge/lib/mono/unityjit'
Mono config path = 'C:/Program Files/Unity/Hub/Editor/2020.3.6f1/Editor/Data/MonoBleedingEdge/etc'
Using monoOptions --debugger-agent=transport=dt_socket,embedding=1,server=y,suspend=n,address=127.0.0.1:56428
Begin MonoManager ReloadAssembly
Registering precompiled unity dll's ...
Register platform support module: C:/Program Files/Unity/Hub/Editor/2020.3.6f1/Editor/Data/PlaybackEngines/WindowsStandaloneSupport/UnityEditor.WindowsStandalone.Extensions.dll
Registered in 0.001773 seconds.
Native extension for WindowsStandalone target not found
Refreshing native plugins compatible for Editor in 82.33 ms, found 1 plugins.
Preloading 0 native plugins for Editor in 0.00 ms.
Mono: successfully reloaded assembly
- Completed reload, in  1.873 seconds
Platform modules already initialized, skipping
Registering precompiled user dll's ...
Registered in 0.002791 seconds.
Begin MonoManager ReloadAssembly
Native extension for WindowsStandalone target not found
Refreshing native plugins compatible for Editor in 89.13 ms, found 1 plugins.
Preloading 0 native plugins for Editor in 0.00 ms.
Find all reader and writers took 135 milliseconds
Script Module: UnityEngine.UI.dll
Weave behaviours and messages took89 milliseconds
Find all reader and writers took 108 milliseconds
Script Module: Unity.RenderPipelines.Core.Runtime.dll
Weave behaviours and messages took56 milliseconds
Find all reader and writers took 106 milliseconds
Script Module: UnityEngine.TestRunner.dll
Weave behaviours and messages took31 milliseconds
Find all reader and writers took 119 milliseconds
Script Module: Unity.Mathematics.dll
Weave behaviours and messages took187 milliseconds
Find all reader and writers took 109 milliseconds
Script Module: SimpleWebTransport.dll
Weave behaviours and messages took6 milliseconds
Find all reader and writers took 125 milliseconds
Script Module: Unity.RenderPipelines.Universal.Runtime.dll
Weave behaviours and messages took70 milliseconds
Find all reader and writers took 112 milliseconds
Script Module: Unity.Animation.Rigging.dll
Weave behaviours and messages took28 milliseconds
Find all reader and writers took 103 milliseconds
Script Module: Unity.Burst.dll
Weave behaviours and messages took37 milliseconds
Find all reader and writers took 131 milliseconds
Script Module: Unity.TextMeshPro.dll
Weave behaviours and messages took79 milliseconds
Find all reader and writers took 114 milliseconds
Script Module: Cinemachine.dll
Weave behaviours and messages took53 milliseconds
Find all reader and writers took 107 milliseconds
Script Module: Unity.Timeline.dll
Weave behaviours and messages took35 milliseconds
Find all reader and writers took 105 milliseconds
Script Module: Telepathy.dll
Weave behaviours and messages took4 milliseconds
Find all reader and writers took 105 milliseconds
Script Module: Mirror.Cloud.dll
Weave behaviours and messages took6 milliseconds
Find all reader and writers took 101 milliseconds
Script Module: kcp2k.dll
Weave behaviours and messages took3 milliseconds
Find all reader and writers took 97 milliseconds
Script Module: Unity.RenderPipelines.Core.ShaderLibrary.dll
Weave behaviours and messages took0 milliseconds
