Using pre-set license
Built from '2020.3/staging' branch; Version is '2020.3.6f1 (338bb68529b2) revision 3378102'; Using compiler version '192528614'; Build Type 'Release'
OS: 'Windows 10 Pro; OS build 18363.476; Version 1909; 64bit' Language: 'en' Physical Memory: 8129 MB
BatchMode: 1, IsHumanControllingUs: 0, StartBugReporterOnCrash: 0, Is64bit: 1, IsPro: 0

 COMMAND LINE ARGUMENTS:
C:\Program Files\Unity\Hub\Editor\2020.3.6f1\Editor\Unity.exe
-adb2
-batchMode
-noUpm
-name
AssetImportWorker0
-projectPath
F:/Desktop Shortcut/Unity Projects/Capture-The-UdarFlag/Capture The UdarFlag
-logFile
Logs/AssetImportWorker0.log
-srvPort
49820
Successfully changed project path to: F:/Desktop Shortcut/Unity Projects/Capture-The-UdarFlag/Capture The UdarFlag
F:/Desktop Shortcut/Unity Projects/Capture-The-UdarFlag/Capture The UdarFlag
Using Asset Import Pipeline V2.
Refreshing native plugins compatible for Editor in 82.29 ms, found 0 plugins.
Preloading 0 native plugins for Editor in 0.00 ms.
Initialize engine version: 2020.3.6f1 (338bb68529b2)
[Subsystems] Discovering subsystems at path C:/Program Files/Unity/Hub/Editor/2020.3.6f1/Editor/Data/Resources/UnitySubsystems
[Subsystems] Discovering subsystems at path F:/Desktop Shortcut/Unity Projects/Capture-The-UdarFlag/Capture The UdarFlag/Assets
GfxDevice: creating device client; threaded=0
Direct3D:
    Version:  Direct3D 11.0 [level 11.1]
    Renderer: AMD Radeon R7 200 Series (ID=0x6613)
    Vendor:   
    VRAM:     2028 MB
    Driver:   26.20.12028.2
Shader 'Universal Render Pipeline/Particles/Lit': fallback shader 'Universal Render Pipeline/Particles/SimpleLit' not found
Initialize mono
Mono path[0] = 'C:/Program Files/Unity/Hub/Editor/2020.3.6f1/Editor/Data/Managed'
Mono path[1] = 'C:/Program Files/Unity/Hub/Editor/2020.3.6f1/Editor/Data/MonoBleedingEdge/lib/mono/unityjit'
Mono config path = 'C:/Program Files/Unity/Hub/Editor/2020.3.6f1/Editor/Data/MonoBleedingEdge/etc'
Using monoOptions --debugger-agent=transport=dt_socket,embedding=1,server=y,suspend=n,address=127.0.0.1:56492
Begin MonoManager ReloadAssembly
Registering precompiled unity dll's ...
Register platform support module: C:/Program Files/Unity/Hub/Editor/2020.3.6f1/Editor/Data/PlaybackEngines/WindowsStandaloneSupport/UnityEditor.WindowsStandalone.Extensions.dll
Registered in 0.001809 seconds.
Native extension for WindowsStandalone target not found
Refreshing native plugins compatible for Editor in 83.08 ms, found 0 plugins.
Preloading 0 native plugins for Editor in 0.00 ms.
Mono: successfully reloaded assembly
- Completed reload, in  2.008 seconds
Platform modules already initialized, skipping
Registering precompiled user dll's ...
Registered in 0.002802 seconds.
Begin MonoManager ReloadAssembly
Native extension for WindowsStandalone target not found
Refreshing native plugins compatible for Editor in 85.43 ms, found 0 plugins.
Preloading 0 native plugins for Editor in 0.00 ms.
Find all reader and writers took 149 milliseconds
Script Module: UnityEngine.UI.dll
Weave behaviours and messages took86 milliseconds
Find all reader and writers took 110 milliseconds
Script Module: Unity.RenderPipelines.Core.Runtime.dll
Weave behaviours and messages took59 milliseconds
Find all reader and writers took 117 milliseconds
Script Module: UnityEngine.TestRunner.dll
Weave behaviours and messages took27 milliseconds
Find all reader and writers took 121 milliseconds
Script Module: Unity.Mathematics.dll
Weave behaviours and messages took195 milliseconds
Find all reader and writers took 97 milliseconds
Script Module: SimpleWebTransport.dll
Weave behaviours and messages took12 milliseconds
Find all reader and writers took 124 milliseconds
Script Module: Unity.RenderPipelines.Universal.Runtime.dll
Weave behaviours and messages took66 milliseconds
Find all reader and writers took 106 milliseconds
Script Module: Unity.Animation.Rigging.dll
Weave behaviours and messages took19 milliseconds
Find all reader and writers took 123 milliseconds
Script Module: Assembly-CSharp.dll
[Base] NetworkBehaviourProcessor
[Health] NetworkBehaviourProcessor
[Item] NetworkBehaviourProcessor
[ItemThrow] NetworkBehaviourProcessor
[AidKit] NetworkBehaviourProcessor
[Item] NetworkBehaviourProcessor
[ItemThrow] NetworkBehaviourProcessor
[Flag] NetworkBehaviourProcessor
[Item] NetworkBehaviourProcessor
[Item] NetworkBehaviourProcessor
[ItemThrow] NetworkBehaviourProcessor
[GameManager] NetworkBehaviourProcessor
[PoolManager] NetworkBehaviourProcessor
[TeamsManager] NetworkBehaviourProcessor
[ActiveItem] NetworkBehaviourProcessor
[BagManager] NetworkBehaviourProcessor
[CircleFillerDetector] NetworkBehaviourProcessor
[GamePlayer] NetworkBehaviourProcessor
[CircleFillerDetector] NetworkBehaviourProcessor
[ItemCollector] NetworkBehaviourProcessor
[PlayerAiming] NetworkBehaviourProcessor
[PlayerLinks] NetworkBehaviourProcessor
[PlayerManager] NetworkBehaviourProcessor
[PlayerMovement] NetworkBehaviourProcessor
[PlayerStats] NetworkBehaviourProcessor
[CircleFillerDetector] NetworkBehaviourProcessor
[PrisonerDetector] NetworkBehaviourProcessor
[Team] NetworkBehaviourProcessor
[Projectile] NetworkBehaviourProcessor
[Bullet] NetworkBehaviourProcessor
[Projectile] NetworkBehaviourProcessor
[Projectile] NetworkBehaviourProcessor
[Rocket] NetworkBehaviourProcessor
[Item] NetworkBehaviourProcessor
[ItemThrow] NetworkBehaviourProcessor
[Grenade] NetworkBehaviourProcessor
[Item] NetworkBehaviourProcessor
[Weapon] NetworkBehaviourProcessor
Weave behaviours and messages took55 milliseconds
  ProcessSitesModule Assembly-CSharp.dll elapsed time:00:00:00.0039978
Find all reader and writers took 117 milliseconds
Script Module: Unity.Burst.dll
Weave behaviours and messages took41 milliseconds
Find all reader and writers took 110 milliseconds
Script Module: Mirror.Components.dll
[NetworkAnimator] NetworkBehaviourProcessor
[NetworkRoomPlayer] NetworkBehaviourProcessor
[NetworkLobbyPlayer] NetworkBehaviourProcessor
[NetworkVisibility] NetworkBehaviourProcessor
[NetworkVisibility] Found NetworkBehaviour Mirror.NetworkVisibility
[NetworkVisibility] Process Start
[NetworkVisibility]   GenerateSerialization
[NetworkVisibility]   GenerateDeSerialization
[NetworkVisibility] Process Done
[NetworkMatchChecker] NetworkBehaviourProcessor
[NetworkVisibility] NetworkBehaviourProcessor
[NetworkProximityChecker] NetworkBehaviourProcessor
[NetworkRoomPlayer] NetworkBehaviourProcessor
[NetworkVisibility] NetworkBehaviourProcessor
[NetworkSceneChecker] NetworkBehaviourProcessor
[NetworkTransformBase] NetworkBehaviourProcessor
[NetworkTransform] NetworkBehaviourProcessor
[NetworkTransformBase] NetworkBehaviourProcessor
[NetworkTransformBase] NetworkBehaviourProcessor
[NetworkTransformChild] NetworkBehaviourProcessor
[NetworkLerpRigidbody] NetworkBehaviourProcessor
[NetworkRigidbody] NetworkBehaviourProcessor
[NetworkRigidbody2D] NetworkBehaviourProcessor
[NetworkTransformBase] NetworkBehaviourProcessor
[NetworkTransform] NetworkBehaviourProcessor
[NetworkTransformBase] NetworkBehaviourProcessor
[NetworkTransformBase] NetworkBehaviourProcessor
[NetworkTransformChild] NetworkBehaviourProcessor
Weave behaviours and messages took32 milliseconds
  ProcessSitesModule Mirror.Components.dll elapsed time:00:00:00.0009995
Find all reader and writers took 127 milliseconds
Script Module: Unity.TextMeshPro.dll
Weave behaviours and messages took92 milliseconds
Find all reader and writers took 118 milliseconds
Script Module: Cinemachine.dll
Weave behaviours and messages took48 milliseconds
Find all reader and writers took 111 milliseconds
Script Module: Unity.Timeline.dll
Weave behaviours and messages took34 milliseconds
Find all reader and writers took 108 milliseconds
Script Module: Telepathy.dll
Weave behaviours and messages took5 milliseconds
Find all reader and writers took 110 milliseconds
Script Module: Mirror.Cloud.dll
Weave behaviours and messages took2 milliseconds
Find all reader and writers took 123 milliseconds
Script Module: kcp2k.dll
Weave behaviours and messages took5 milliseconds
Find all reader and writers took 193 milliseconds
Script Module: Assembly-CSharp-firstpass.dll
[ServerAuthorityExamplePlayerController] NetworkBehaviourProcessor
[SmoothSyncMirrorExamplePlayerController] NetworkBehaviourProcessor
[SmoothSyncMirror] NetworkBehaviourProcessor
Weave behaviours and messages took29 milliseconds
  ProcessSitesModule Assembly-CSharp-firstpass.dll elapsed time:00:00:00.0010002
Find all reader and writers took 100 milliseconds
Script Module: Unity.RenderPipelines.Core.ShaderLibrary.dll
Weave behaviours and messages took0 milliseconds
Find all reader and writers took 107 milliseconds
Script Module: Unity.RenderPipeline.Universal.ShaderLibrary.dll
Weave behaviours and messages took0 milliseconds
Find all reader and writers took 104 milliseconds
Script Module: Mirror.Authenticators.dll
Weave behaviours and messages took7 milliseconds
  ProcessSitesModule Mirror.Authenticators.dll elapsed time:00:00:00
Find all reader and writers took 101 milliseconds
Script Module: Unity.RenderPipelines.Universal.Shaders.dll
Weave behaviours and messages took0 milliseconds
Find all reader and writers took 103 milliseconds
Script Module: Unity.RenderPipelines.ShaderGraph.ShaderGraphLibrary.dll
Weave behaviours and messages took0 milliseconds
Find all reader and writers took 145 milliseconds
Script Module: com.unity.cinemachine.editor.dll
Weave behaviours and messages took42 milliseconds
Find all reader and writers took 142 milliseconds
Script Module: UnityEditor.TestRunner.dll
Weave behaviours and messages took41 milliseconds
Find all reader and writers took 120 milliseconds
Script Module: Mirror.CompilerSymbols.dll
Weave behaviours and messages took0 milliseconds
Find all reader and writers took 147 milliseconds
Script Module: UnityEditor.UI.dll
Weave behaviours and messages took13 milliseconds
Find all reader and writers took 111 milliseconds
Script Module: Unity.ShaderGraph.Utilities.dll
Weave behaviours and messages took0 milliseconds
Mono: successfully reloaded assembly
- Completed reload, in 12.228 seconds
Platform modules already initialized, skipping
========================================================================
Worker process is ready to serve import requests
Shader 'Universal Render Pipeline/Particles/Lit': fallback shader 'Universal Render Pipeline/Particles/SimpleLit' not found
Launched and connected shader compiler UnityShaderCompiler.exe after 0.05 seconds
Refreshing native plugins compatible for Editor in 0.75 ms, found 0 plugins.
Preloading 0 native plugins for Editor in 0.00 ms.
Unloading 3074 Unused Serialized files (Serialized files now loaded: 0)
System memory in use before: 179.5 MB.
System memory in use after: 179.7 MB.

Unloading 16 unused Assets to reduce memory usage. Loaded Objects now: 3548.
Total: 4.607900 ms (FindLiveObjects: 0.564800 ms CreateObjectMapping: 0.344000 ms MarkObjects: 3.665300 ms  DeleteObjects: 0.032200 ms)

========================================================================
Received Import Request.
  path: Assets/Plugins/BattleRoyaleHeroesPA/Scene/ModularScene.unity
  artifactKey: Guid(8235aa5e342ddeb41a74a8516ad20685) Importer(815301076,1909f56bfc062723c751e8b465ee728b)
Start importing Assets/Plugins/BattleRoyaleHeroesPA/Scene/ModularScene.unity using Guid(8235aa5e342ddeb41a74a8516ad20685) Importer(815301076,1909f56bfc062723c751e8b465ee728b)  -> (artifact id: '185503da3aa73a0096c0e6de646df479') in 0.017330 seconds
  Import took 0.038139 seconds .

========================================================================
Received Prepare
Registering precompiled user dll's ...
Registered in 0.003045 seconds.
Begin MonoManager ReloadAssembly
Native extension for WindowsStandalone target not found
Refreshing native plugins compatible for Editor in 0.77 ms, found 0 plugins.
Preloading 0 native plugins for Editor in 0.00 ms.
Mono: successfully reloaded assembly
- Completed reload, in  1.530 seconds
Platform modules already initialized, skipping
Shader 'Universal Render Pipeline/Particles/Lit': fallback shader 'Universal Render Pipeline/Particles/SimpleLit' not found
Refreshing native plugins compatible for Editor in 0.83 ms, found 0 plugins.
Preloading 0 native plugins for Editor in 0.00 ms.
Unloading 2939 Unused Serialized files (Serialized files now loaded: 0)
System memory in use before: 171.0 MB.
System memory in use after: 171.2 MB.

Unloading 12 unused Assets to reduce memory usage. Loaded Objects now: 3551.
Total: 3.199200 ms (FindLiveObjects: 0.351400 ms CreateObjectMapping: 0.146400 ms MarkObjects: 2.657300 ms  DeleteObjects: 0.042300 ms)

========================================================================
Received Import Request.
  Time since last request: 1491.398494 seconds.
  path: Assets/Scenes/Map_01_Scene.unity
  artifactKey: Guid(c9fc6dc8dcbedb64bb04af3b62768a03) Importer(815301076,1909f56bfc062723c751e8b465ee728b)
Start importing Assets/Scenes/Map_01_Scene.unity using Guid(c9fc6dc8dcbedb64bb04af3b62768a03) Importer(815301076,1909f56bfc062723c751e8b465ee728b)  -> (artifact id: '0dc7e29569f44c934ad52fb0987ec876') in 0.019474 seconds
  Import took 0.047587 seconds .

========================================================================
Received Import Request.
  Time since last request: 1.983253 seconds.
  path: Assets/Scenes/Menu_Scene.unity
  artifactKey: Guid(703aeb5c38c7960419f4674a16627173) Importer(815301076,1909f56bfc062723c751e8b465ee728b)
Start importing Assets/Scenes/Menu_Scene.unity using Guid(703aeb5c38c7960419f4674a16627173) Importer(815301076,1909f56bfc062723c751e8b465ee728b)  -> (artifact id: '6a5c3b0973205329d05ff7c5140931c3') in 0.023383 seconds
  Import took 0.058301 seconds .

========================================================================
Received Import Request.
  Time since last request: 469.042250 seconds.
  path: Assets/Textures/Sprites/Capture_The_UdarFlag_Icon.png
  artifactKey: Guid(0b6bf4bf00602034a9513d8ba36ef0f2) Importer(815301076,1909f56bfc062723c751e8b465ee728b)
Start importing Assets/Textures/Sprites/Capture_The_UdarFlag_Icon.png using Guid(0b6bf4bf00602034a9513d8ba36ef0f2) Importer(815301076,1909f56bfc062723c751e8b465ee728b)  -> (artifact id: '58560ce8c58ab04e496f63bb2adbaf87') in 0.123302 seconds
  Import took 0.154908 seconds .

========================================================================
Received Import Request.
  Time since last request: 14.752979 seconds.
  path: Assets/Textures/Sprites/Capture_The_UdarFlag_Icon.png
  artifactKey: Guid(0b6bf4bf00602034a9513d8ba36ef0f2) Importer(815301076,1909f56bfc062723c751e8b465ee728b)
Start importing Assets/Textures/Sprites/Capture_The_UdarFlag_Icon.png using Guid(0b6bf4bf00602034a9513d8ba36ef0f2) Importer(815301076,1909f56bfc062723c751e8b465ee728b)  -> (artifact id: '97815799764b9a7c21d7fe7fff87c5e2') in 0.049342 seconds
  Import took 0.081957 seconds .

========================================================================
Received Import Request.
  Time since last request: 7.555653 seconds.
  path: Assets/Scenes/Menu_Scene/Lightmap-0_comp_dir.png
  artifactKey: Guid(a42d706513478444488de49b5ef1cdaf) Importer(815301076,1909f56bfc062723c751e8b465ee728b)
Start importing Assets/Scenes/Menu_Scene/Lightmap-0_comp_dir.png using Guid(a42d706513478444488de49b5ef1cdaf) Importer(815301076,1909f56bfc062723c751e8b465ee728b)  -> (artifact id: '884d16fcb6d64d9a225acffce4567405') in 0.056770 seconds
  Import took 0.104611 seconds .

========================================================================
Received Import Request.
  Time since last request: 0.000306 seconds.
  path: Assets/Scenes/Map_01_Scene/Lightmap-0_comp_light.exr
  artifactKey: Guid(ac87beb0e43b4774d936d1577a383e31) Importer(815301076,1909f56bfc062723c751e8b465ee728b)
Start importing Assets/Scenes/Map_01_Scene/Lightmap-0_comp_light.exr using Guid(ac87beb0e43b4774d936d1577a383e31) Importer(815301076,1909f56bfc062723c751e8b465ee728b)  -> (artifact id: 'dd2c58722d9dbadd378363d4123c2045') in 0.173314 seconds
  Import took 0.264585 seconds .

========================================================================
Received Import Request.
  Time since last request: 0.000333 seconds.
  path: Assets/Scenes/Menu_Scene/Lightmap-1_comp_light.exr
  artifactKey: Guid(25d0534b4fecc0a4f91b047ba4cf0842) Importer(815301076,1909f56bfc062723c751e8b465ee728b)
Start importing Assets/Scenes/Menu_Scene/Lightmap-1_comp_light.exr using Guid(25d0534b4fecc0a4f91b047ba4cf0842) Importer(815301076,1909f56bfc062723c751e8b465ee728b)  -> (artifact id: '3a2cb8fca25dc7b24ed8cda71ce8bbb3') in 0.028700 seconds
  Import took 0.069088 seconds .

========================================================================
Received Import Request.
  Time since last request: 0.000253 seconds.
  path: Assets/Scenes/Tutorial_Scene/Lightmap-1_comp_light.exr
  artifactKey: Guid(36eb42131e95f1448a2bf8aa959e9621) Importer(815301076,1909f56bfc062723c751e8b465ee728b)
Start importing Assets/Scenes/Tutorial_Scene/Lightmap-1_comp_light.exr using Guid(36eb42131e95f1448a2bf8aa959e9621) Importer(815301076,1909f56bfc062723c751e8b465ee728b)  -> (artifact id: '68c911bbcbc0b5a06f5b2ae74ea14052') in 0.112957 seconds
  Import took 0.133704 seconds .

========================================================================
Received Import Request.
  Time since last request: 0.000240 seconds.
  path: Assets/Scenes/Menu_Scene/Lightmap-0_comp_dir.png
  artifactKey: Guid(a42d706513478444488de49b5ef1cdaf) Importer(815301076,1909f56bfc062723c751e8b465ee728b)
Start importing Assets/Scenes/Menu_Scene/Lightmap-0_comp_dir.png using Guid(a42d706513478444488de49b5ef1cdaf) Importer(815301076,1909f56bfc062723c751e8b465ee728b)  -> (artifact id: '884d16fcb6d64d9a225acffce4567405') in 0.005572 seconds
  Import took 0.020141 seconds .

========================================================================
Received Import Request.
  Time since last request: 0.000276 seconds.
  path: Assets/Scenes/Menu_Scene/Lightmap-0_comp_light.exr
  artifactKey: Guid(6d5ae128336bebb4eb2b8bf9452d13cf) Importer(815301076,1909f56bfc062723c751e8b465ee728b)
Start importing Assets/Scenes/Menu_Scene/Lightmap-0_comp_light.exr using Guid(6d5ae128336bebb4eb2b8bf9452d13cf) Importer(815301076,1909f56bfc062723c751e8b465ee728b)  -> (artifact id: '694767bda88b94e855f3d7944debb95f') in 0.006006 seconds
  Import took 0.015810 seconds .

========================================================================
Received Import Request.
  Time since last request: 0.000269 seconds.
  path: Assets/Scenes/Tutorial_Scene/Lightmap-0_comp_dir.png
  artifactKey: Guid(a32e9547ee154614a914e127cae17e46) Importer(815301076,1909f56bfc062723c751e8b465ee728b)
Start importing Assets/Scenes/Tutorial_Scene/Lightmap-0_comp_dir.png using Guid(a32e9547ee154614a914e127cae17e46) Importer(815301076,1909f56bfc062723c751e8b465ee728b)  -> (artifact id: 'e8cd4f3d7f9abeea91d198c0ec3230b4') in 0.032176 seconds
  Import took 0.068418 seconds .

========================================================================
Received Import Request.
  Time since last request: 0.000222 seconds.
  path: Assets/Scenes/Tutorial_Scene/Lightmap-2_comp_dir.png
  artifactKey: Guid(df17e1e00aaf7204bb560d7082014ab2) Importer(815301076,1909f56bfc062723c751e8b465ee728b)
Start importing Assets/Scenes/Tutorial_Scene/Lightmap-2_comp_dir.png using Guid(df17e1e00aaf7204bb560d7082014ab2) Importer(815301076,1909f56bfc062723c751e8b465ee728b)  -> (artifact id: '01af797f0b64ebf7f43019b269d2bafa') in 0.055094 seconds
  Import took 0.101038 seconds .

========================================================================
Received Import Request.
  Time since last request: 0.000256 seconds.
  path: Assets/Scenes/Map_01_Scene/Lightmap-1_comp_dir.png
  artifactKey: Guid(de1579e7541f4ab4598cc2e52f9ad847) Importer(815301076,1909f56bfc062723c751e8b465ee728b)
Start importing Assets/Scenes/Map_01_Scene/Lightmap-1_comp_dir.png using Guid(de1579e7541f4ab4598cc2e52f9ad847) Importer(815301076,1909f56bfc062723c751e8b465ee728b)  -> (artifact id: '081a590103779a2e166bbf12c89df531') in 0.037355 seconds
  Import took 0.043692 seconds .

========================================================================
Received Import Request.
  Time since last request: 0.000373 seconds.
  path: Assets/Scenes/Map_01_Scene/Lightmap-0_comp_dir.png
  artifactKey: Guid(d21dcede291ca0c4a9b07d75e4e79f30) Importer(815301076,1909f56bfc062723c751e8b465ee728b)
Start importing Assets/Scenes/Map_01_Scene/Lightmap-0_comp_dir.png using Guid(d21dcede291ca0c4a9b07d75e4e79f30) Importer(815301076,1909f56bfc062723c751e8b465ee728b)  -> (artifact id: '599ece5281e70242e3068d5a392355a2') in 0.030482 seconds
  Import took 0.045264 seconds .

========================================================================
Received Import Request.
  Time since last request: 0.000277 seconds.
  path: Assets/Scenes/Map_01_Scene/Lightmap-1_comp_light.exr
  artifactKey: Guid(673db3e6ba0b96b41bf0df271af937c4) Importer(815301076,1909f56bfc062723c751e8b465ee728b)
Start importing Assets/Scenes/Map_01_Scene/Lightmap-1_comp_light.exr using Guid(673db3e6ba0b96b41bf0df271af937c4) Importer(815301076,1909f56bfc062723c751e8b465ee728b)  -> (artifact id: 'be34a19a00e7da1cfc64bad6e79a19a9') in 0.020373 seconds
  Import took 0.049143 seconds .

========================================================================
Received Import Request.
  Time since last request: 0.000328 seconds.
  path: Assets/Scenes/Tutorial_Scene/Lightmap-1_comp_dir.png
  artifactKey: Guid(60fc592e57ed41842be3bdbc9c47b108) Importer(815301076,1909f56bfc062723c751e8b465ee728b)
Start importing Assets/Scenes/Tutorial_Scene/Lightmap-1_comp_dir.png using Guid(60fc592e57ed41842be3bdbc9c47b108) Importer(815301076,1909f56bfc062723c751e8b465ee728b)  -> (artifact id: '5be92fd4c91d4a91b8d442c1e108dbff') in 0.042350 seconds
  Import took 0.050840 seconds .

========================================================================
Received Import Request.
  Time since last request: 0.000427 seconds.
  path: Assets/Scenes/Tutorial_Scene/Lightmap-0_comp_light.exr
  artifactKey: Guid(4a18a3d487277484ea072fd52ee6e368) Importer(815301076,1909f56bfc062723c751e8b465ee728b)
Start importing Assets/Scenes/Tutorial_Scene/Lightmap-0_comp_light.exr using Guid(4a18a3d487277484ea072fd52ee6e368) Importer(815301076,1909f56bfc062723c751e8b465ee728b)  -> (artifact id: 'ae1d453b74fd57d529d869bdcc2e204c') in 0.009623 seconds
  Import took 0.046342 seconds .

========================================================================
Received Import Request.
  Time since last request: 0.000243 seconds.
  path: Assets/Scenes/Menu_Scene/Lightmap-1_comp_dir.png
  artifactKey: Guid(510688f167af88841ad531d3d1b9d0a7) Importer(815301076,1909f56bfc062723c751e8b465ee728b)
Start importing Assets/Scenes/Menu_Scene/Lightmap-1_comp_dir.png using Guid(510688f167af88841ad531d3d1b9d0a7) Importer(815301076,1909f56bfc062723c751e8b465ee728b)  -> (artifact id: '6d25d20319870fe8abd1959f97bab94a') in 0.005263 seconds
  Import took 0.016403 seconds .

========================================================================
Received Import Request.
  Time since last request: 0.020407 seconds.
  path: Assets/Scenes/Menu_Scene/Lightmap-1_comp_dir.png
  artifactKey: Guid(510688f167af88841ad531d3d1b9d0a7) Importer(815301076,1909f56bfc062723c751e8b465ee728b)
Start importing Assets/Scenes/Menu_Scene/Lightmap-1_comp_dir.png using Guid(510688f167af88841ad531d3d1b9d0a7) Importer(815301076,1909f56bfc062723c751e8b465ee728b)  -> (artifact id: '6d25d20319870fe8abd1959f97bab94a') in 0.005194 seconds
  Import took 0.011540 seconds .

========================================================================
Received Prepare
Shader 'Universal Render Pipeline/Particles/Lit': fallback shader 'Universal Render Pipeline/Particles/SimpleLit' not found
Refreshing native plugins compatible for Editor in 2.27 ms, found 0 plugins.
Preloading 0 native plugins for Editor in 0.00 ms.
Unloading 9 Unused Serialized files (Serialized files now loaded: 0)
System memory in use before: 114.4 MB.
System memory in use after: 114.6 MB.

Unloading 9 unused Assets to reduce memory usage. Loaded Objects now: 3559.
Total: 4.983000 ms (FindLiveObjects: 0.638900 ms CreateObjectMapping: 0.344200 ms MarkObjects: 3.973500 ms  DeleteObjects: 0.025100 ms)

========================================================================
Received Prepare
Shader 'Universal Render Pipeline/Particles/Lit': fallback shader 'Universal Render Pipeline/Particles/SimpleLit' not found
Refreshing native plugins compatible for Editor in 2.77 ms, found 0 plugins.
Preloading 0 native plugins for Editor in 0.00 ms.
Unloading 9 Unused Serialized files (Serialized files now loaded: 0)
System memory in use before: 114.4 MB.
System memory in use after: 114.6 MB.

Unloading 9 unused Assets to reduce memory usage. Loaded Objects now: 3559.
Total: 4.127000 ms (FindLiveObjects: 0.521900 ms CreateObjectMapping: 0.302500 ms MarkObjects: 3.284000 ms  DeleteObjects: 0.017400 ms)

========================================================================
Received Prepare
Shader 'Universal Render Pipeline/Particles/Lit': fallback shader 'Universal Render Pipeline/Particles/SimpleLit' not found
Refreshing native plugins compatible for Editor in 2.20 ms, found 0 plugins.
Preloading 0 native plugins for Editor in 0.00 ms.
Unloading 9 Unused Serialized files (Serialized files now loaded: 0)
System memory in use before: 114.4 MB.
System memory in use after: 114.6 MB.

Unloading 9 unused Assets to reduce memory usage. Loaded Objects now: 3559.
Total: 4.440000 ms (FindLiveObjects: 0.456600 ms CreateObjectMapping: 0.157800 ms MarkObjects: 3.796500 ms  DeleteObjects: 0.027500 ms)

========================================================================
Received Prepare
Shader 'Universal Render Pipeline/Particles/Lit': fallback shader 'Universal Render Pipeline/Particles/SimpleLit' not found
Refreshing native plugins compatible for Editor in 2.18 ms, found 0 plugins.
Preloading 0 native plugins for Editor in 0.00 ms.
Unloading 9 Unused Serialized files (Serialized files now loaded: 0)
System memory in use before: 114.4 MB.
System memory in use after: 114.6 MB.

Unloading 9 unused Assets to reduce memory usage. Loaded Objects now: 3559.
Total: 4.636700 ms (FindLiveObjects: 0.352100 ms CreateObjectMapping: 0.156300 ms MarkObjects: 4.102800 ms  DeleteObjects: 0.023600 ms)

========================================================================
Received Import Request.
  Time since last request: 768.111271 seconds.
  path: Assets/Prefabs/Characters/Prefabs/BasicMale_Character.prefab
  artifactKey: Guid(b4b4f33b6eab2b0469db8219ec1539f2) Importer(815301076,1909f56bfc062723c751e8b465ee728b)
Start importing Assets/Prefabs/Characters/Prefabs/BasicMale_Character.prefab using Guid(b4b4f33b6eab2b0469db8219ec1539f2) Importer(815301076,1909f56bfc062723c751e8b465ee728b)  -> (artifact id: 'ad71e7962008c0c6a86776e787c89b99') in 1.545339 seconds
  Import took 1.596316 seconds .

========================================================================
Received Import Request.
  Time since last request: 0.000546 seconds.
  path: Assets/Prefabs/Characters/Prefabs/BasicFemale_Character.prefab
  artifactKey: Guid(08cd410ed0440ce488260edc72157923) Importer(815301076,1909f56bfc062723c751e8b465ee728b)
Start importing Assets/Prefabs/Characters/Prefabs/BasicFemale_Character.prefab using Guid(08cd410ed0440ce488260edc72157923) Importer(815301076,1909f56bfc062723c751e8b465ee728b)  -> (artifact id: '16532e9291a28065c04a17a2fe3b5251') in 0.482804 seconds
  Import took 0.513047 seconds .

========================================================================
Received Import Request.
  Time since last request: 160.215117 seconds.
  path: Assets/Textures/Sprites/Capture_The_UdarFlag_Icon.png
  artifactKey: Guid(0b6bf4bf00602034a9513d8ba36ef0f2) Importer(815301076,1909f56bfc062723c751e8b465ee728b)
Start importing Assets/Textures/Sprites/Capture_The_UdarFlag_Icon.png using Guid(0b6bf4bf00602034a9513d8ba36ef0f2) Importer(815301076,1909f56bfc062723c751e8b465ee728b)  -> (artifact id: '3219d3e2b16379420fa4ebf37cee6980') in 0.014051 seconds
  Import took 0.062574 seconds .

========================================================================
Received Import Request.
  Time since last request: 0.003494 seconds.
  path: Assets/Textures/Sprites/Capture_The_UdarFlag_Icon.png
  artifactKey: Guid(0b6bf4bf00602034a9513d8ba36ef0f2) Importer(815301076,1909f56bfc062723c751e8b465ee728b)
Start importing Assets/Textures/Sprites/Capture_The_UdarFlag_Icon.png using Guid(0b6bf4bf00602034a9513d8ba36ef0f2) Importer(815301076,1909f56bfc062723c751e8b465ee728b)  -> (artifact id: '3219d3e2b16379420fa4ebf37cee6980') in 0.011806 seconds
  Import took 0.018297 seconds .

========================================================================
Received Import Request.
  Time since last request: 504.528127 seconds.
  path: Assets/Scenes/Map_01_Scene.unity
  artifactKey: Guid(c9fc6dc8dcbedb64bb04af3b62768a03) Importer(815301076,1909f56bfc062723c751e8b465ee728b)
Start importing Assets/Scenes/Map_01_Scene.unity using Guid(c9fc6dc8dcbedb64bb04af3b62768a03) Importer(815301076,1909f56bfc062723c751e8b465ee728b)  -> (artifact id: '800791a1d24a72c1bca5f04193e4b926') in 0.002598 seconds
  Import took 0.032499 seconds .

========================================================================
Received Prepare
Registering precompiled user dll's ...
Registered in 0.003302 seconds.
Begin MonoManager ReloadAssembly
Native extension for WindowsStandalone target not found
Refreshing native plugins compatible for Editor in 0.69 ms, found 0 plugins.
Preloading 0 native plugins for Editor in 0.00 ms.
Mono: successfully reloaded assembly
- Completed reload, in  1.399 seconds
Platform modules already initialized, skipping
Shader 'Universal Render Pipeline/Particles/Lit': fallback shader 'Universal Render Pipeline/Particles/SimpleLit' not found
Refreshing native plugins compatible for Editor in 0.68 ms, found 0 plugins.
Preloading 0 native plugins for Editor in 0.00 ms.
Unloading 2939 Unused Serialized files (Serialized files now loaded: 0)
System memory in use before: 190.0 MB.
System memory in use after: 190.3 MB.

Unloading 12 unused Assets to reduce memory usage. Loaded Objects now: 3605.
Total: 2.873100 ms (FindLiveObjects: 0.349000 ms CreateObjectMapping: 0.162900 ms MarkObjects: 2.310600 ms  DeleteObjects: 0.049700 ms)

========================================================================
Received Import Request.
  Time since last request: 357.870856 seconds.
  path: Assets/Scenes/Map_01_Scene.unity
  artifactKey: Guid(c9fc6dc8dcbedb64bb04af3b62768a03) Importer(815301076,1909f56bfc062723c751e8b465ee728b)
Start importing Assets/Scenes/Map_01_Scene.unity using Guid(c9fc6dc8dcbedb64bb04af3b62768a03) Importer(815301076,1909f56bfc062723c751e8b465ee728b)  -> (artifact id: '1a62da40f88a9992d6d3fe3e11e381d1') in 0.016117 seconds
  Import took 0.042875 seconds .

========================================================================
Received Prepare
Registering precompiled user dll's ...
Registered in 0.002993 seconds.
Begin MonoManager ReloadAssembly
Native extension for WindowsStandalone target not found
Refreshing native plugins compatible for Editor in 0.74 ms, found 0 plugins.
Preloading 0 native plugins for Editor in 0.00 ms.
Mono: successfully reloaded assembly
- Completed reload, in  1.589 seconds
Platform modules already initialized, skipping
Shader 'Universal Render Pipeline/Particles/Lit': fallback shader 'Universal Render Pipeline/Particles/SimpleLit' not found
Refreshing native plugins compatible for Editor in 0.69 ms, found 0 plugins.
Preloading 0 native plugins for Editor in 0.00 ms.
Unloading 2939 Unused Serialized files (Serialized files now loaded: 0)
System memory in use before: 190.1 MB.
System memory in use after: 190.3 MB.

Unloading 12 unused Assets to reduce memory usage. Loaded Objects now: 3608.
Total: 3.646000 ms (FindLiveObjects: 0.682900 ms CreateObjectMapping: 0.250500 ms MarkObjects: 2.674000 ms  DeleteObjects: 0.037300 ms)

========================================================================
Received Prepare
Registering precompiled user dll's ...
Registered in 0.004689 seconds.
Begin MonoManager ReloadAssembly
Native extension for WindowsStandalone target not found
Refreshing native plugins compatible for Editor in 0.76 ms, found 0 plugins.
Preloading 0 native plugins for Editor in 0.00 ms.
Mono: successfully reloaded assembly
- Completed reload, in  1.691 seconds
Platform modules already initialized, skipping
Shader 'Universal Render Pipeline/Particles/Lit': fallback shader 'Universal Render Pipeline/Particles/SimpleLit' not found
Refreshing native plugins compatible for Editor in 0.69 ms, found 0 plugins.
Preloading 0 native plugins for Editor in 0.00 ms.
Unloading 2939 Unused Serialized files (Serialized files now loaded: 0)
System memory in use before: 190.1 MB.
System memory in use after: 190.3 MB.

Unloading 12 unused Assets to reduce memory usage. Loaded Objects now: 3611.
Total: 4.062900 ms (FindLiveObjects: 0.654800 ms CreateObjectMapping: 0.476900 ms MarkObjects: 2.900800 ms  DeleteObjects: 0.028800 ms)

========================================================================
Received Import Request.
  Time since last request: 431.568562 seconds.
  path: Assets/Scenes/Map_01_Scene.unity
  artifactKey: Guid(c9fc6dc8dcbedb64bb04af3b62768a03) Importer(815301076,1909f56bfc062723c751e8b465ee728b)
Start importing Assets/Scenes/Map_01_Scene.unity using Guid(c9fc6dc8dcbedb64bb04af3b62768a03) Importer(815301076,1909f56bfc062723c751e8b465ee728b)  -> (artifact id: '6684256c6a9624bb7133f06918680d70') in 0.015659 seconds
  Import took 0.041628 seconds .

========================================================================
Received Prepare
Registering precompiled user dll's ...
Registered in 0.004228 seconds.
Begin MonoManager ReloadAssembly
Native extension for WindowsStandalone target not found
Refreshing native plugins compatible for Editor in 0.69 ms, found 0 plugins.
Preloading 0 native plugins for Editor in 0.00 ms.
Mono: successfully reloaded assembly
- Completed reload, in  1.455 seconds
Platform modules already initialized, skipping
Shader 'Universal Render Pipeline/Particles/Lit': fallback shader 'Universal Render Pipeline/Particles/SimpleLit' not found
Refreshing native plugins compatible for Editor in 0.84 ms, found 0 plugins.
Preloading 0 native plugins for Editor in 0.00 ms.
Unloading 2939 Unused Serialized files (Serialized files now loaded: 0)
System memory in use before: 190.1 MB.
System memory in use after: 190.3 MB.

Unloading 12 unused Assets to reduce memory usage. Loaded Objects now: 3614.
Total: 3.327900 ms (FindLiveObjects: 0.413100 ms CreateObjectMapping: 0.303200 ms MarkObjects: 2.590800 ms  DeleteObjects: 0.020000 ms)

========================================================================
Received Import Request.
  Time since last request: 121.821189 seconds.
  path: Assets/Scenes/Map_01_Scene.unity
  artifactKey: Guid(c9fc6dc8dcbedb64bb04af3b62768a03) Importer(815301076,1909f56bfc062723c751e8b465ee728b)
Start importing Assets/Scenes/Map_01_Scene.unity using Guid(c9fc6dc8dcbedb64bb04af3b62768a03) Importer(815301076,1909f56bfc062723c751e8b465ee728b)  -> (artifact id: 'ffe8f19e0fb02b236551360328a9a25e') in 0.014209 seconds
  Import took 0.036107 seconds .

========================================================================
Received Import Request.
  Time since last request: 211.851623 seconds.
  path: Assets/Scenes/Map_01_Scene.unity
  artifactKey: Guid(c9fc6dc8dcbedb64bb04af3b62768a03) Importer(815301076,1909f56bfc062723c751e8b465ee728b)
Start importing Assets/Scenes/Map_01_Scene.unity using Guid(c9fc6dc8dcbedb64bb04af3b62768a03) Importer(815301076,1909f56bfc062723c751e8b465ee728b)  -> (artifact id: '16880ea26f56c44d98a667be8183d34b') in 0.002909 seconds
  Import took 0.030393 seconds .

========================================================================
Received Prepare
Registering precompiled user dll's ...
Registered in 0.003235 seconds.
Begin MonoManager ReloadAssembly
Native extension for WindowsStandalone target not found
Refreshing native plugins compatible for Editor in 0.85 ms, found 0 plugins.
Preloading 0 native plugins for Editor in 0.00 ms.
Mono: successfully reloaded assembly
- Completed reload, in  1.652 seconds
Platform modules already initialized, skipping
Shader 'Universal Render Pipeline/Particles/Lit': fallback shader 'Universal Render Pipeline/Particles/SimpleLit' not found
Refreshing native plugins compatible for Editor in 1.28 ms, found 0 plugins.
Preloading 0 native plugins for Editor in 0.00 ms.
Unloading 2939 Unused Serialized files (Serialized files now loaded: 0)
System memory in use before: 190.1 MB.
System memory in use after: 190.4 MB.

Unloading 12 unused Assets to reduce memory usage. Loaded Objects now: 3617.
Total: 5.153200 ms (FindLiveObjects: 0.466500 ms CreateObjectMapping: 0.338700 ms MarkObjects: 4.322700 ms  DeleteObjects: 0.023500 ms)

========================================================================
Received Import Request.
  Time since last request: 895.588864 seconds.
  path: Assets/Scenes/Map_01_Scene.unity
  artifactKey: Guid(c9fc6dc8dcbedb64bb04af3b62768a03) Importer(815301076,1909f56bfc062723c751e8b465ee728b)
Start importing Assets/Scenes/Map_01_Scene.unity using Guid(c9fc6dc8dcbedb64bb04af3b62768a03) Importer(815301076,1909f56bfc062723c751e8b465ee728b)  -> (artifact id: '1171e599826bc96a597d7f4537a30d54') in 0.017944 seconds
  Import took 0.052090 seconds .

========================================================================
Received Prepare
Registering precompiled user dll's ...
Registered in 0.002956 seconds.
Begin MonoManager ReloadAssembly
Native extension for WindowsStandalone target not found
Refreshing native plugins compatible for Editor in 0.71 ms, found 0 plugins.
Preloading 0 native plugins for Editor in 0.00 ms.
Mono: successfully reloaded assembly
- Completed reload, in  1.350 seconds
Platform modules already initialized, skipping
Shader 'Universal Render Pipeline/Particles/Lit': fallback shader 'Universal Render Pipeline/Particles/SimpleLit' not found
Refreshing native plugins compatible for Editor in 0.69 ms, found 0 plugins.
Preloading 0 native plugins for Editor in 0.00 ms.
Unloading 2939 Unused Serialized files (Serialized files now loaded: 0)
System memory in use before: 190.1 MB.
System memory in use after: 190.4 MB.

Unloading 12 unused Assets to reduce memory usage. Loaded Objects now: 3620.
Total: 3.630400 ms (FindLiveObjects: 0.425300 ms CreateObjectMapping: 0.308400 ms MarkObjects: 2.857000 ms  DeleteObjects: 0.038200 ms)

========================================================================
Received Prepare
Shader 'Universal Render Pipeline/Particles/Lit': fallback shader 'Universal Render Pipeline/Particles/SimpleLit' not found
Refreshing native plugins compatible for Editor in 2.25 ms, found 0 plugins.
Preloading 0 native plugins for Editor in 0.00 ms.
Unloading 9 Unused Serialized files (Serialized files now loaded: 0)
System memory in use before: 130.3 MB.
System memory in use after: 130.5 MB.

Unloading 9 unused Assets to reduce memory usage. Loaded Objects now: 3620.
Total: 3.682300 ms (FindLiveObjects: 0.505800 ms CreateObjectMapping: 0.171300 ms MarkObjects: 2.969500 ms  DeleteObjects: 0.034200 ms)

========================================================================
Received Prepare
Registering precompiled user dll's ...
Registered in 0.003141 seconds.
Begin MonoManager ReloadAssembly
Native extension for WindowsStandalone target not found
Refreshing native plugins compatible for Editor in 0.88 ms, found 0 plugins.
Preloading 0 native plugins for Editor in 0.00 ms.
Mono: successfully reloaded assembly
- Completed reload, in  2.230 seconds
Platform modules already initialized, skipping
Shader 'Universal Render Pipeline/Particles/Lit': fallback shader 'Universal Render Pipeline/Particles/SimpleLit' not found
Refreshing native plugins compatible for Editor in 0.93 ms, found 0 plugins.
Preloading 0 native plugins for Editor in 0.00 ms.
Unloading 2939 Unused Serialized files (Serialized files now loaded: 0)
System memory in use before: 190.2 MB.
System memory in use after: 190.4 MB.

Unloading 12 unused Assets to reduce memory usage. Loaded Objects now: 3623.
Total: 5.055300 ms (FindLiveObjects: 0.322400 ms CreateObjectMapping: 0.150800 ms MarkObjects: 4.533900 ms  DeleteObjects: 0.046700 ms)

========================================================================
Received Prepare
Registering precompiled user dll's ...
Registered in 0.002688 seconds.
Begin MonoManager ReloadAssembly
Native extension for WindowsStandalone target not found
Refreshing native plugins compatible for Editor in 0.76 ms, found 0 plugins.
Preloading 0 native plugins for Editor in 0.00 ms.
Mono: successfully reloaded assembly
- Completed reload, in  1.341 seconds
Platform modules already initialized, skipping
Shader 'Universal Render Pipeline/Particles/Lit': fallback shader 'Universal Render Pipeline/Particles/SimpleLit' not found
Refreshing native plugins compatible for Editor in 0.72 ms, found 0 plugins.
Preloading 0 native plugins for Editor in 0.00 ms.
Unloading 2939 Unused Serialized files (Serialized files now loaded: 0)
System memory in use before: 190.2 MB.
System memory in use after: 190.4 MB.

Unloading 12 unused Assets to reduce memory usage. Loaded Objects now: 3626.
Total: 3.544800 ms (FindLiveObjects: 0.464600 ms CreateObjectMapping: 0.343400 ms MarkObjects: 2.714200 ms  DeleteObjects: 0.021100 ms)

AssetImportWorkerClient::OnTransportError - code=2 error=End of file
